train=9  val=3  device=cpu
model params: 4.03M
ep 001/25  loss=3.8438  val_dice=0.000  val_iou=0.000  occ_recall=0.000  (6.7s)
  [saved] checkpoints\best.pt (iou=0.000)
ep 002/25  loss=3.5097  val_dice=0.000  val_iou=0.000  occ_recall=0.001  (6.5s)
ep 003/25  loss=3.4690  val_dice=0.257  val_iou=0.148  occ_recall=0.261  (6.3s)
  [saved] checkpoints\best.pt (iou=0.148)
ep 004/25  loss=3.3910  val_dice=0.391  val_iou=0.244  occ_recall=0.460  (6.5s)
  [saved] checkpoints\best.pt (iou=0.244)
ep 005/25  loss=3.5577  val_dice=0.456  val_iou=0.297  occ_recall=0.558  (6.2s)
  [saved] checkpoints\best.pt (iou=0.297)
ep 006/25  loss=3.5805  val_dice=0.566  val_iou=0.398  occ_recall=0.589  (6.5s)
  [saved] checkpoints\best.pt (iou=0.398)
ep 007/25  loss=3.3786  val_dice=0.408  val_iou=0.259  occ_recall=0.524  (6.2s)
ep 008/25  loss=3.4334  val_dice=0.410  val_iou=0.260  occ_recall=0.482  (6.2s)
ep 009/25  loss=3.4862  val_dice=0.559  val_iou=0.391  occ_recall=0.514  (6.2s)
ep 010/25  loss=3.3880  val_dice=0.507  val_iou=0.343  occ_recall=0.462  (7.4s)
ep 011/25  loss=3.2573  val_dice=0.554  val_iou=0.387  occ_recall=0.490  (6.7s)
ep 012/25  loss=3.2664  val_dice=0.548  val_iou=0.381  occ_recall=0.349  (7.0s)
ep 013/25  loss=3.1507  val_dice=0.212  val_iou=0.119  occ_recall=0.428  (6.9s)
ep 014/25  loss=3.3275  val_dice=0.420  val_iou=0.269  occ_recall=0.393  (6.5s)
ep 015/25  loss=3.1693  val_dice=0.432  val_iou=0.279  occ_recall=0.384  (6.3s)
ep 016/25  loss=3.2491  val_dice=0.512  val_iou=0.348  occ_recall=0.382  (6.3s)
ep 017/25  loss=3.3042  val_dice=0.628  val_iou=0.461  occ_recall=0.391  (6.3s)
  [saved] checkpoints\best.pt (iou=0.461)
ep 018/25  loss=3.3553  val_dice=0.601  val_iou=0.434  occ_recall=0.361  (7.0s)
ep 019/25  loss=3.3147  val_dice=0.561  val_iou=0.394  occ_recall=0.361  (6.2s)
ep 020/25  loss=3.2570  val_dice=0.478  val_iou=0.318  occ_recall=0.400  (6.2s)
ep 021/25  loss=3.1621  val_dice=0.455  val_iou=0.298  occ_recall=0.387  (6.5s)
ep 022/25  loss=3.3384  val_dice=0.430  val_iou=0.277  occ_recall=0.411  (6.7s)
ep 023/25  loss=3.1443  val_dice=0.476  val_iou=0.316  occ_recall=0.402  (6.1s)
ep 024/25  loss=3.4541  val_dice=0.490  val_iou=0.328  occ_recall=0.370  (7.5s)
ep 025/25  loss=3.1998  val_dice=0.428  val_iou=0.276  occ_recall=0.415  (8.1s)

Done. best val IoU = 0.461
